0 info it worked if it ends with ok
1 verbose cli [ 'c:\\Program Files (x86)\\nodejs\\node.exe',
1 verbose cli   'c:\\Program Files (x86)\\nodejs\\node_modules\\npm\\bin\\npm-cli.js',
1 verbose cli   'install',
1 verbose cli   'pym.js',
1 verbose cli   '--save' ]
2 info using npm@1.4.28
3 info using node@v0.10.32
4 warn package.json heritagesociety@1.0.0 No description
5 warn package.json heritagesociety@1.0.0 No README data
6 verbose readDependencies using package.json deps
7 verbose cache add [ 'pym.js', null ]
8 verbose cache add name=undefined spec="pym.js" args=["pym.js",null]
9 verbose parsed url { protocol: null,
9 verbose parsed url   slashes: null,
9 verbose parsed url   auth: null,
9 verbose parsed url   host: null,
9 verbose parsed url   port: null,
9 verbose parsed url   hostname: null,
9 verbose parsed url   hash: null,
9 verbose parsed url   search: null,
9 verbose parsed url   query: null,
9 verbose parsed url   pathname: 'pym.js',
9 verbose parsed url   path: 'pym.js',
9 verbose parsed url   href: 'pym.js' }
10 silly lockFile 3f205028-pym-js pym.js
11 verbose lock pym.js C:\Users\Danny\AppData\Roaming\npm-cache\3f205028-pym-js.lock
12 silly lockFile 3f205028-pym-js pym.js
13 silly lockFile 3f205028-pym-js pym.js
14 verbose addNamed [ 'pym.js', '' ]
15 verbose addNamed [ null, '*' ]
16 silly lockFile 448fd398-pym-js pym.js@
17 verbose lock pym.js@ C:\Users\Danny\AppData\Roaming\npm-cache\448fd398-pym-js.lock
18 silly addNameRange { name: 'pym.js', range: '*', hasData: false }
19 verbose request where is /pym.js
20 verbose request registry https://registry.npmjs.org/
21 verbose request id e603c9da73df1564
22 verbose url raw /pym.js
23 verbose url resolving [ 'https://registry.npmjs.org/', './pym.js' ]
24 verbose url resolved https://registry.npmjs.org/pym.js
25 verbose request where is https://registry.npmjs.org/pym.js
26 info trying registry request attempt 1 at 20:03:56
27 http GET https://registry.npmjs.org/pym.js
28 http 404 https://registry.npmjs.org/pym.js
29 verbose headers { date: 'Fri, 10 Oct 2014 03:03:56 GMT',
29 verbose headers   server: 'CouchDB/1.5.0 (Erlang OTP/R16B03)',
29 verbose headers   'content-type': 'application/json',
29 verbose headers   'cache-control': 'max-age=0',
29 verbose headers   'content-length': '52',
29 verbose headers   'accept-ranges': 'bytes',
29 verbose headers   via: '1.1 varnish',
29 verbose headers   age: '0',
29 verbose headers   'x-served-by': 'cache-sjc3121-SJC',
29 verbose headers   'x-cache': 'MISS',
29 verbose headers   'x-cache-hits': '0',
29 verbose headers   'x-timer': 'S1412910236.058917,VS0,VE355',
29 verbose headers   'keep-alive': 'timeout=10, max=50',
29 verbose headers   connection: 'Keep-Alive' }
30 silly registry.get cb [ 404,
30 silly registry.get   { date: 'Fri, 10 Oct 2014 03:03:56 GMT',
30 silly registry.get     server: 'CouchDB/1.5.0 (Erlang OTP/R16B03)',
30 silly registry.get     'content-type': 'application/json',
30 silly registry.get     'cache-control': 'max-age=0',
30 silly registry.get     'content-length': '52',
30 silly registry.get     'accept-ranges': 'bytes',
30 silly registry.get     via: '1.1 varnish',
30 silly registry.get     age: '0',
30 silly registry.get     'x-served-by': 'cache-sjc3121-SJC',
30 silly registry.get     'x-cache': 'MISS',
30 silly registry.get     'x-cache-hits': '0',
30 silly registry.get     'x-timer': 'S1412910236.058917,VS0,VE355',
30 silly registry.get     'keep-alive': 'timeout=10, max=50',
30 silly registry.get     connection: 'Keep-Alive' } ]
31 silly lockFile 448fd398-pym-js pym.js@
32 silly lockFile 448fd398-pym-js pym.js@
33 error 404 404 Not Found: pym.js
33 error 404
33 error 404 'pym.js' is not in the npm registry.
33 error 404 You should bug the author to publish it
33 error 404 It was specified as a dependency of 'heritagesociety'
33 error 404
33 error 404 Maybe try 'npm search pym'
33 error 404
33 error 404 Note that you can also install from a
33 error 404 tarball, folder, or http url, or git url.
34 error System Windows_NT 6.2.9200
35 error command "c:\\Program Files (x86)\\nodejs\\node.exe" "c:\\Program Files (x86)\\nodejs\\node_modules\\npm\\bin\\npm-cli.js" "install" "pym.js" "--save"
36 error cwd C:\wamp\www\wordpress\wp-content\themes\heritagesociety
37 error node -v v0.10.32
38 error npm -v 1.4.28
39 error code E404
40 verbose exit [ 1, true ]
